    1  vi /etc/apt/sources.list
    2  cd /
    3  git clone git@github.com:tshinbum/hatschepsut.git
    4  aptitude
    5  git clone git@github.com:tshinbum/hatschepsut.git
    6  git add /etc/apt/sources.list
    7  pwd
    8  ls
    9  mv hatschepsut/.git/ .
   10  mv hatschepsut/README.md .
   11  rmdir hatschepsut/
   12  git add /etc/apt/sources.list
   13  git commit
   14  git config --global user.name "Dieter Schoen"
   15   git config --global user.email tshinbum@gmail.com
   16  git commit --amend --reset-author
   17  git push
   18  vi README.md 
   19  aptitude
   20  dpkg --get-selections | sed "s/.*deinstall//" | sed "s/install$//g" > ./pkglist
   21  git add pkglist 
   22  git commit -m "added package list"
   23  vi README.md 
   24  git add README.md 
   25  git commit
   26  git push
   27  env | grep EDITOR
   28  which vi
   29  which vim
   30  ls -l /usr/bin/vi*
   31  ps
   32  vi /root/.bashrc
   33  git add /root/.bashrc
   34  $EDITOR
   35  . /root/.bashrc 
   36  $EDITOR
   37  ps -ef | grep sshd
   38  aptitude
   39  pwd
   40  dpkg --get-selections | sed "s/.*deinstall//" | sed "s/install$//g" > ./pkglist
   41  git add pkglist 
   42  git commit
   43  cd
   44  git push
   45  pwd
   46  ls 
   47  ls -a
   48  vi /README.md 
   49  git add /README.md 
   50  git commit -m updated
   51  git push
   52  jackd2
   53  dpkg -L '*jack*'
   54  dpkg -l '*jack*'
   55  dpkg -L jackd2
   56  jackd
   57  ls -l /usr/bin/jackd
   58  ls /etc/security/
   59  ls /etc/security/limits.d
   60  vi /etc/security/limits.d/99-realtime.conf
   61  groupadd realtime
   62  usermod -a -G realtime root
   63  cd /
   64  history > ./history.log
   65  git add history.log 
   66  vi history.log 
   67  git add /etc/security/limits.d/99-realtime.conf 
   68  git commit
   69  git push
   70  ps -ef | grep ssh
   71  jackd
   72  dpkg -L jackd2
   73  jack_control
   74  jack_control start
   75  @realtime   -  rtprio     99
   76  dbus-launch
   77  dpkg -L dbus
   78  dpkg -l '*dbus*'
   79  ls /usr/sbin/db*
   80  ls /usr/bin/db*
   81  man dbus
   82  service dbus status
   83  jack_control start
   84  find / -name dbus-launch
   85  find / | grep dbus-launch
   86  find / | grep dbus
   87  find / | grep "/dbus"
   88  find / | grep "/dbus-"
   89  export DISPLAY=:0.0
   90  jack_control start
   91  /usr/bin/dbus-launch
   92  apt-get install dbus-x11
   93  /usr/bin/dbus-launch
   94  jack_control start
   95  unset DISPLAY
   96  jack_control start
   97  cd
   98  history
   99  cd /
  100  dpkg --get-selections | sed "s/.*deinstall//" | sed "s/install$//g" > ./pkglist
  101  history > history.log 
